1553099422230	mozrunner::runner	INFO	Running command: "/Applications/Firefox.app/Contents/MacOS/firefox-bin" "-marionette" "-foreground" "-no-remote" "-profile" "/var/folders/pq/5rlgslcn1x333mzpnqkclh3m0000gp/T/rust_mozprofile.2HBel4vayTen"
1553099423219	addons.webextension.screenshots@mozilla.org	WARN	Loading extension 'screenshots@mozilla.org': Reading manifest: Invalid host permission: resource://pdf.js/
1553099423219	addons.webextension.screenshots@mozilla.org	WARN	Loading extension 'screenshots@mozilla.org': Reading manifest: Invalid host permission: about:reader*
Can't find symbol 'GetGraphicsResetStatus'.
1553099425018	Marionette	INFO	Listening on port 53462
1553099425079	Marionette	WARN	TLS certificate errors will be ignored for this session
JavaScript warning: https://www.ikea.com/ms/js/6.8.4/js_main.js, line 30: unreachable code after return statement
JavaScript warning: https://www.ikea.com/ms/js/6.8.4/js_main.js, line 46: unreachable code after return statement
JavaScript warning: https://www.ikea.com/ms/js/6.8.4/prodInfo_v6_4_5.js, line 2: unreachable code after return statement
[Child 59209, Chrome_ChildThread] WARNING: pipe error: Broken pipe: file /builds/worker/workspace/build/src/ipc/chromium/src/chrome/common/ipc_channel_posix.cc, line 718
[Child 59209, Chrome_ChildThread] WARNING: pipe error: Broken pipe: file /builds/worker/workspace/build/src/ipc/chromium/src/chrome/common/ipc_channel_posix.cc, line 718
1553099506712	mozrunner::runner	INFO	Running command: "/Applications/Firefox.app/Contents/MacOS/firefox-bin" "-marionette" "-foreground" "-no-remote" "-profile" "/var/folders/pq/5rlgslcn1x333mzpnqkclh3m0000gp/T/rust_mozprofile.d1mNokkNKKQl"
1553099507318	addons.webextension.screenshots@mozilla.org	WARN	Loading extension 'screenshots@mozilla.org': Reading manifest: Invalid host permission: resource://pdf.js/
1553099507319	addons.webextension.screenshots@mozilla.org	WARN	Loading extension 'screenshots@mozilla.org': Reading manifest: Invalid host permission: about:reader*
Can't find symbol 'GetGraphicsResetStatus'.
1553099508819	Marionette	INFO	Listening on port 53955
1553099508918	Marionette	WARN	TLS certificate errors will be ignored for this session
JavaScript warning: https://www.ikea.com/ms/js/6.9.0/js_main.js, line 30: unreachable code after return statement
JavaScript warning: https://www.ikea.com/ms/js/6.9.0/js_main.js, line 46: unreachable code after return statement
JavaScript warning: https://www.ikea.com/ms/js/6.9.0/prodInfo_v6_4_5.js, line 2: unreachable code after return statement
console.error: BroadcastService: 
  receivedBroadcastMessage: handler for
  remote-settings/monitor_changes
  threw error:
  Message: Error: Polling for changes failed: NetworkError when attempting to fetch resource..
  Stack:
    remoteSettingsFunction/remoteSettings.pollChanges@resource://services-settings/remote-settings.js:188:13

console.error: BroadcastService: 
  receivedBroadcastMessage: handler for
  remote-settings/monitor_changes
  threw error:
  Message: Error: Polling for changes failed: NetworkError when attempting to fetch resource..
  Stack:
    remoteSettingsFunction/remoteSettings.pollChanges@resource://services-settings/remote-settings.js:188:13

console.error: BroadcastService: 
  receivedBroadcastMessage: handler for
  remote-settings/monitor_changes
  threw error:
  Message: Error: Polling for changes failed: NetworkError when attempting to fetch resource..
  Stack:
    remoteSettingsFunction/remoteSettings.pollChanges@resource://services-settings/remote-settings.js:188:13

console.error: BroadcastService: 
  receivedBroadcastMessage: handler for
  remote-settings/monitor_changes
  threw error:
  Message: Error: Polling for changes failed: NetworkError when attempting to fetch resource..
  Stack:
    remoteSettingsFunction/remoteSettings.pollChanges@resource://services-settings/remote-settings.js:188:13

Can't find symbol 'GetGraphicsResetStatus'.
Can't find symbol 'GetGraphicsResetStatus'.
1553102472680	Marionette	INFO	Stopped listening on port 53955
Can't find symbol 'GetGraphicsResetStatus'.
1553102477212	Marionette	INFO	Stopped listening on port 53462
